[0.011s] Invoking command in '/home/albert/Workspaces/line_follower/build/software_pid_controller': CMAKE_PREFIX_PATH=/opt/ros/humble /usr/bin/cmake --build /home/albert/Workspaces/line_follower/build/software_pid_controller -- -j20 -l20
[0.035s] [35m[1mConsolidate compiler generated dependencies of target pid_controller_node[0m
[0.046s] [ 50%] [32mBuilding CXX object CMakeFiles/pid_controller_node.dir/src/pid_controller_node.cpp.o[0m
[0.164s] [01m[K/home/albert/Workspaces/line_follower/src/software_pid_controller/src/pid_controller_node.cpp:3:10:[m[K [01;31m[Kfatal error: [m[Kgeometry_msgs/msg/twist.hpp: No such file or directory
[0.164s]     3 | #include [01;31m[K<geometry_msgs/msg/twist.hpp>[m[K
[0.164s]       |          [01;31m[K^~~~~~~~~~~~~~~~~~~~~~~~~~~~~[m[K
[0.164s] compilation terminated.
[0.166s] gmake[2]: *** [CMakeFiles/pid_controller_node.dir/build.make:76: CMakeFiles/pid_controller_node.dir/src/pid_controller_node.cpp.o] Error 1
[0.166s] gmake[1]: *** [CMakeFiles/Makefile2:137: CMakeFiles/pid_controller_node.dir/all] Error 2
[0.166s] gmake: *** [Makefile:146: all] Error 2
[0.170s] Invoked command in '/home/albert/Workspaces/line_follower/build/software_pid_controller' returned '2': CMAKE_PREFIX_PATH=/opt/ros/humble /usr/bin/cmake --build /home/albert/Workspaces/line_follower/build/software_pid_controller -- -j20 -l20
