In file included from [01m[K/opt/ros/humble/include/rclcpp/rclcpp/logging.hpp:24[m[K,
                 from [01m[K/opt/ros/humble/include/rclcpp/rclcpp/client.hpp:40[m[K,
                 from [01m[K/opt/ros/humble/include/rclcpp/rclcpp/callback_group.hpp:24[m[K,
                 from [01m[K/opt/ros/humble/include/rclcpp/rclcpp/any_executable.hpp:20[m[K,
                 from [01m[K/opt/ros/humble/include/rclcpp/rclcpp/memory_strategy.hpp:25[m[K,
                 from [01m[K/opt/ros/humble/include/rclcpp/rclcpp/memory_strategies.hpp:18[m[K,
                 from [01m[K/opt/ros/humble/include/rclcpp/rclcpp/executor_options.hpp:20[m[K,
                 from [01m[K/opt/ros/humble/include/rclcpp/rclcpp/executor.hpp:37[m[K,
                 from [01m[K/opt/ros/humble/include/rclcpp/rclcpp/executors/multi_threaded_executor.hpp:25[m[K,
                 from [01m[K/opt/ros/humble/include/rclcpp/rclcpp/executors.hpp:21[m[K,
                 from [01m[K/opt/ros/humble/include/rclcpp/rclcpp/rclcpp.hpp:155[m[K,
                 from [01m[K/home/albert/Workspaces/line_follower/src/software_pid_controller/src/pid_controller2_node.cpp:1[m[K:
[01m[K/home/albert/Workspaces/line_follower/src/software_pid_controller/src/pid_controller2_node.cpp:[m[K In member function â€˜[01m[Kvoid LineFollowingPIDController::errorCallback(std_msgs::msg::Float64_<std::allocator<void> >::SharedPtr)[m[Kâ€™:
[01m[K/home/albert/Workspaces/line_follower/src/software_pid_controller/src/pid_controller2_node.cpp:68:58:[m[K [01;31m[Kerror: [m[Kâ€˜[01m[Kright_wheel_speed_msg[m[Kâ€™ was not declared in this scope
   68 |         RCLCPP_INFO(this->get_logger(),"Right Speed: %s",[01;31m[Kright_wheel_speed_msg[m[K.c_str());
      |                                                          [01;31m[K^~~~~~~~~~~~~~~~~~~~~[m[K
[01m[K/home/albert/Workspaces/line_follower/src/software_pid_controller/src/pid_controller2_node.cpp:69:57:[m[K [01;31m[Kerror: [m[Kâ€˜[01m[Kleft_wheel_speed_msg[m[Kâ€™ was not declared in this scope
   69 |         RCLCPP_INFO(this->get_logger(),"Left Speed: %s",[01;31m[Kleft_wheel_speed_msg[m[K.c_str());
      |                                                         [01;31m[K^~~~~~~~~~~~~~~~~~~~[m[K
gmake[2]: *** [CMakeFiles/pid_controller2_node.dir/build.make:76: CMakeFiles/pid_controller2_node.dir/src/pid_controller2_node.cpp.o] Error 1
gmake[1]: *** [CMakeFiles/Makefile2:165: CMakeFiles/pid_controller2_node.dir/all] Error 2
gmake: *** [Makefile:146: all] Error 2
