[0.013s] Invoking command in '/home/albert/Workspaces/line_follower/build/software_pid_controller': CMAKE_PREFIX_PATH=/opt/ros/humble /usr/bin/cmake --build /home/albert/Workspaces/line_follower/build/software_pid_controller -- -j20 -l20
[0.046s] [35m[1mConsolidate compiler generated dependencies of target pid_controller2_node[0m
[0.056s] [ 50%] Built target pid_controller_node
[0.059s] [ 75%] [32mBuilding CXX object CMakeFiles/pid_controller2_node.dir/src/pid_controller2_node.cpp.o[0m
[1.606s] In file included from [01m[K/opt/ros/humble/include/rclcpp/rclcpp/logging.hpp:24[m[K,
[1.606s]                  from [01m[K/opt/ros/humble/include/rclcpp/rclcpp/client.hpp:40[m[K,
[1.606s]                  from [01m[K/opt/ros/humble/include/rclcpp/rclcpp/callback_group.hpp:24[m[K,
[1.607s]                  from [01m[K/opt/ros/humble/include/rclcpp/rclcpp/any_executable.hpp:20[m[K,
[1.607s]                  from [01m[K/opt/ros/humble/include/rclcpp/rclcpp/memory_strategy.hpp:25[m[K,
[1.607s]                  from [01m[K/opt/ros/humble/include/rclcpp/rclcpp/memory_strategies.hpp:18[m[K,
[1.607s]                  from [01m[K/opt/ros/humble/include/rclcpp/rclcpp/executor_options.hpp:20[m[K,
[1.607s]                  from [01m[K/opt/ros/humble/include/rclcpp/rclcpp/executor.hpp:37[m[K,
[1.607s]                  from [01m[K/opt/ros/humble/include/rclcpp/rclcpp/executors/multi_threaded_executor.hpp:25[m[K,
[1.607s]                  from [01m[K/opt/ros/humble/include/rclcpp/rclcpp/executors.hpp:21[m[K,
[1.607s]                  from [01m[K/opt/ros/humble/include/rclcpp/rclcpp/rclcpp.hpp:155[m[K,
[1.607s]                  from [01m[K/home/albert/Workspaces/line_follower/src/software_pid_controller/src/pid_controller2_node.cpp:1[m[K:
[1.607s] [01m[K/home/albert/Workspaces/line_follower/src/software_pid_controller/src/pid_controller2_node.cpp:[m[K In member function â€˜[01m[Kvoid LineFollowingPIDController::errorCallback(std_msgs::msg::Float64_<std::allocator<void> >::SharedPtr)[m[Kâ€™:
[1.607s] [01m[K/home/albert/Workspaces/line_follower/src/software_pid_controller/src/pid_controller2_node.cpp:68:58:[m[K [01;31m[Kerror: [m[Kâ€˜[01m[Kright_wheel_speed_msg[m[Kâ€™ was not declared in this scope
[1.607s]    68 |         RCLCPP_INFO(this->get_logger(),"Right Speed: %s",[01;31m[Kright_wheel_speed_msg[m[K.c_str());
[1.607s]       |                                                          [01;31m[K^~~~~~~~~~~~~~~~~~~~~[m[K
[1.613s] [01m[K/home/albert/Workspaces/line_follower/src/software_pid_controller/src/pid_controller2_node.cpp:69:57:[m[K [01;31m[Kerror: [m[Kâ€˜[01m[Kleft_wheel_speed_msg[m[Kâ€™ was not declared in this scope
[1.613s]    69 |         RCLCPP_INFO(this->get_logger(),"Left Speed: %s",[01;31m[Kleft_wheel_speed_msg[m[K.c_str());
[1.614s]       |                                                         [01;31m[K^~~~~~~~~~~~~~~~~~~~[m[K
[3.142s] gmake[2]: *** [CMakeFiles/pid_controller2_node.dir/build.make:76: CMakeFiles/pid_controller2_node.dir/src/pid_controller2_node.cpp.o] Error 1
[3.142s] gmake[1]: *** [CMakeFiles/Makefile2:165: CMakeFiles/pid_controller2_node.dir/all] Error 2
[3.142s] gmake: *** [Makefile:146: all] Error 2
[3.144s] Invoked command in '/home/albert/Workspaces/line_follower/build/software_pid_controller' returned '2': CMAKE_PREFIX_PATH=/opt/ros/humble /usr/bin/cmake --build /home/albert/Workspaces/line_follower/build/software_pid_controller -- -j20 -l20
