[0.009s] Invoking command in '/home/albert/Workspaces/line_follower/build/software_pid_controller': CMAKE_PREFIX_PATH=/opt/ros/humble /usr/bin/cmake --build /home/albert/Workspaces/line_follower/build/software_pid_controller -- -j20 -l20
[0.034s] [35m[1mConsolidate compiler generated dependencies of target pid_controller_node[0m
[0.045s] [ 50%] [32mBuilding CXX object CMakeFiles/pid_controller_node.dir/src/pid_controller_node.cpp.o[0m
[1.377s] [01m[K/home/albert/Workspaces/line_follower/src/software_pid_controller/src/pid_controller_node.cpp:[m[K In member function â€˜[01m[Kvoid PID_Controller_Node::get_PID_value()[m[Kâ€™:
[1.377s] [01m[K/home/albert/Workspaces/line_follower/src/software_pid_controller/src/pid_controller_node.cpp:18:42:[m[K [01;31m[Kerror: [m[Kâ€˜[01m[KK_d[m[Kâ€™ was not declared in this scope; did you mean â€˜[01m[KK_p[m[Kâ€™?
[1.377s]    18 |         std::cout << "the value is: " << [01;31m[KK_d[m[K;
[1.377s]       |                                          [01;31m[K^~~[m[K
[1.377s]       |                                          [32m[KK_p[m[K
[1.632s] gmake[2]: *** [CMakeFiles/pid_controller_node.dir/build.make:76: CMakeFiles/pid_controller_node.dir/src/pid_controller_node.cpp.o] Error 1
[1.632s] gmake[1]: *** [CMakeFiles/Makefile2:137: CMakeFiles/pid_controller_node.dir/all] Error 2
[1.632s] gmake: *** [Makefile:146: all] Error 2
[1.634s] Invoked command in '/home/albert/Workspaces/line_follower/build/software_pid_controller' returned '2': CMAKE_PREFIX_PATH=/opt/ros/humble /usr/bin/cmake --build /home/albert/Workspaces/line_follower/build/software_pid_controller -- -j20 -l20
