[0.014s] Invoking command in '/home/albert/Workspaces/line_follower/build/software_pid_controller': CMAKE_PREFIX_PATH=/opt/ros/humble /usr/bin/cmake --build /home/albert/Workspaces/line_follower/build/software_pid_controller -- -j20 -l20
[0.043s] [35m[1mConsolidate compiler generated dependencies of target pid_controller2_node[0m
[0.053s] [ 50%] Built target pid_controller_node
[0.055s] [ 75%] [32mBuilding CXX object CMakeFiles/pid_controller2_node.dir/src/pid_controller2_node.cpp.o[0m
[1.696s] [01m[K/home/albert/Workspaces/line_follower/src/software_pid_controller/src/pid_controller2_node.cpp:[m[K In constructor â€˜[01m[KLineFollowingPIDController::LineFollowingPIDController()[m[Kâ€™:
[1.696s] [01m[K/home/albert/Workspaces/line_follower/src/software_pid_controller/src/pid_controller2_node.cpp:11:17:[m[K [01;31m[Kerror: [m[Kexpected â€˜[01m[K)[m[Kâ€™ before numeric constant
[1.696s]    11 |       kd_(0.000 [01;31m[K01[m[K),
[1.696s]       |                 [01;31m[K^~[m[K
[1.696s] [01m[K/home/albert/Workspaces/line_follower/src/software_pid_controller/src/pid_controller2_node.cpp:11:10:[m[K [01;36m[Knote: [m[Kto match this â€˜[01m[K([m[Kâ€™
[1.697s]    11 |       kd_[01;36m[K([m[K0.000 01),
[1.697s]       |          [01;36m[K^[m[K
[3.389s] gmake[2]: *** [CMakeFiles/pid_controller2_node.dir/build.make:76: CMakeFiles/pid_controller2_node.dir/src/pid_controller2_node.cpp.o] Error 1
[3.389s] gmake[1]: *** [CMakeFiles/Makefile2:165: CMakeFiles/pid_controller2_node.dir/all] Error 2
[3.389s] gmake: *** [Makefile:146: all] Error 2
[3.391s] Invoked command in '/home/albert/Workspaces/line_follower/build/software_pid_controller' returned '2': CMAKE_PREFIX_PATH=/opt/ros/humble /usr/bin/cmake --build /home/albert/Workspaces/line_follower/build/software_pid_controller -- -j20 -l20
