[01m[K/home/albert/Workspaces/line_follower/src/software_pid_controller/src/pid_controller_node.cpp:[m[K In member function â€˜[01m[Kvoid PID_Controller_Node::subscribe_error_state(example_interfaces::msg::String_<std::allocator<void> >::SharedPtr)[m[Kâ€™:
[01m[K/home/albert/Workspaces/line_follower/src/software_pid_controller/src/pid_controller_node.cpp:40:43:[m[K [01;31m[Kerror: [m[Kâ€˜[01m[Kerror_delta[m[Kâ€™ was not declared in this scope; did you mean â€˜[01m[Kerror_t[m[Kâ€™?
   40 |         message=std::to_string(angular_Kd*[01;31m[Kerror_delta[m[K);
      |                                           [01;31m[K^~~~~~~~~~~[m[K
      |                                           [32m[Kerror_t[m[K
gmake[2]: *** [CMakeFiles/pid_controller_node.dir/build.make:76: CMakeFiles/pid_controller_node.dir/src/pid_controller_node.cpp.o] Error 1
gmake[1]: *** [CMakeFiles/Makefile2:137: CMakeFiles/pid_controller_node.dir/all] Error 2
gmake: *** [Makefile:146: all] Error 2
