[0.010s] Invoking command in '/home/albert/Workspaces/line_follower/build/software_pid_controller': CMAKE_PREFIX_PATH=/opt/ros/humble /usr/bin/cmake --build /home/albert/Workspaces/line_follower/build/software_pid_controller -- -j20 -l20
[0.035s] [35m[1mConsolidate compiler generated dependencies of target pid_controller_node[0m
[0.046s] [ 50%] [32mBuilding CXX object CMakeFiles/pid_controller_node.dir/src/pid_controller_node.cpp.o[0m
[1.374s] [01m[K/home/albert/Workspaces/line_follower/src/software_pid_controller/src/pid_controller_node.cpp:[m[K In member function â€˜[01m[Kvoid PID_Controller_Node::subscribe_error_state(example_interfaces::msg::String_<std::allocator<void> >::SharedPtr)[m[Kâ€™:
[1.374s] [01m[K/home/albert/Workspaces/line_follower/src/software_pid_controller/src/pid_controller_node.cpp:40:43:[m[K [01;31m[Kerror: [m[Kâ€˜[01m[Kerror_delta[m[Kâ€™ was not declared in this scope; did you mean â€˜[01m[Kerror_t[m[Kâ€™?
[1.375s]    40 |         message=std::to_string(angular_Kd*[01;31m[Kerror_delta[m[K);
[1.375s]       |                                           [01;31m[K^~~~~~~~~~~[m[K
[1.375s]       |                                           [32m[Kerror_t[m[K
[2.768s] gmake[2]: *** [CMakeFiles/pid_controller_node.dir/build.make:76: CMakeFiles/pid_controller_node.dir/src/pid_controller_node.cpp.o] Error 1
[2.768s] gmake[1]: *** [CMakeFiles/Makefile2:137: CMakeFiles/pid_controller_node.dir/all] Error 2
[2.768s] gmake: *** [Makefile:146: all] Error 2
[2.770s] Invoked command in '/home/albert/Workspaces/line_follower/build/software_pid_controller' returned '2': CMAKE_PREFIX_PATH=/opt/ros/humble /usr/bin/cmake --build /home/albert/Workspaces/line_follower/build/software_pid_controller -- -j20 -l20
